build/app/intermediates/manifest_merge_blame_file/release/manifest-merger-blame-release-report.txt
1<?xml version="1.0" encoding="utf-8"?>
2<manifest xmlns:android="http://schemas.android.com/apk/res/android"
3    package="com.doctor.guru"
4    android:versionCode="1"
5    android:versionName="1.0.0" >
6
7    <uses-sdk
8        android:minSdkVersion="16"
8-->src/main/AndroidManifest.xml
9        android:targetSdkVersion="28" />
9-->src/main/AndroidManifest.xml
10
11    <uses-permission android:name="android.permission.INTERNET" /> <!-- Although the *SdkVersion is captured in gradle build files, this is required for non gradle builds -->
11-->[:google_sign_in] AndroidManifest.xml:7:5-67
11-->[:google_sign_in] AndroidManifest.xml:7:22-64
12    <!-- <uses-sdk android:minSdkVersion="14" /> -->
13    <uses-permission android:name="android.permission.ACCESS_NETWORK_STATE" />
13-->[com.google.firebase:firebase-firestore:21.3.0] AndroidManifest.xml:13:5-79
13-->[com.google.firebase:firebase-firestore:21.3.0] AndroidManifest.xml:13:22-76
14    <!--
15 io.flutter.app.FlutterApplication is an android.app.Application that
16         calls FlutterMain.startInitialization(this); in its onCreate method.
17         In most cases you can leave this as-is, but you if you want to provide
18         additional functionality it is fine to subclass or reimplement
19         FlutterApplication and put your custom class here.
20    -->
21    <application
21-->src/main/AndroidManifest.xml:8:5-29:19
22        android:name="io.flutter.app.FlutterApplication"
22-->src/main/AndroidManifest.xml:9:9-57
23        android:appComponentFactory="androidx.core.app.CoreComponentFactory"
23-->[androidx.core:core:1.0.0] AndroidManifest.xml:22:18-86
24        android:icon="@mipmap/ic_launcher"
24-->src/main/AndroidManifest.xml:11:9-43
25        android:label="Doctor" >
25-->src/main/AndroidManifest.xml:10:9-31
26        <activity
26-->src/main/AndroidManifest.xml:12:9-23:20
27            android:name="com.example.getit.MainActivity"
27-->src/main/AndroidManifest.xml:13:13-41
28            android:configChanges="orientation|keyboardHidden|keyboard|screenSize|smallestScreenSize|locale|layoutDirection|fontScale|screenLayout|density|uiMode"
28-->src/main/AndroidManifest.xml:16:13-163
29            android:hardwareAccelerated="true"
29-->src/main/AndroidManifest.xml:17:13-47
30            android:launchMode="singleTop"
30-->src/main/AndroidManifest.xml:14:13-43
31            android:theme="@style/LaunchTheme"
31-->src/main/AndroidManifest.xml:15:13-47
32            android:windowSoftInputMode="adjustResize" >
32-->src/main/AndroidManifest.xml:18:13-55
33            <intent-filter>
33-->src/main/AndroidManifest.xml:19:13-22:29
34                <action android:name="android.intent.action.MAIN" />
34-->src/main/AndroidManifest.xml:20:17-68
34-->src/main/AndroidManifest.xml:20:25-66
35
36                <category android:name="android.intent.category.LAUNCHER" />
36-->src/main/AndroidManifest.xml:21:17-76
36-->src/main/AndroidManifest.xml:21:27-74
37            </intent-filter>
38        </activity>
39        <!--
40             Don't delete the meta-data below.
41             This is used by the Flutter tool to generate GeneratedPluginRegistrant.java
42        -->
43        <meta-data
43-->src/main/AndroidManifest.xml:26:9-28:33
44            android:name="flutterEmbedding"
44-->src/main/AndroidManifest.xml:27:13-44
45            android:value="2" />
45-->src/main/AndroidManifest.xml:28:13-30
46
47        <service
47-->[:firebase_auth] AndroidManifest.xml:8:9-12:19
48            android:name="com.google.firebase.components.ComponentDiscoveryService"
48-->[:firebase_auth] AndroidManifest.xml:8:18-89
49            android:directBootAware="true"
49-->[com.google.firebase:firebase-common:19.3.0] AndroidManifest.xml:34:13-43
50            android:exported="false" >
50-->[com.google.firebase:firebase-firestore:21.3.0] AndroidManifest.xml:19:13-37
51            <meta-data
51-->[:firebase_auth] AndroidManifest.xml:9:13-11:85
52                android:name="com.google.firebase.components:io.flutter.plugins.firebaseauth.FlutterFirebaseAppRegistrar"
52-->[:firebase_auth] AndroidManifest.xml:10:17-122
53                android:value="com.google.firebase.components.ComponentRegistrar" />
53-->[:firebase_auth] AndroidManifest.xml:11:17-82
54            <meta-data
54-->[:cloud_firestore] AndroidManifest.xml:9:13-11:85
55                android:name="com.google.firebase.components:io.flutter.plugins.firebase.cloudfirestore.FlutterFirebaseAppRegistrar"
55-->[:cloud_firestore] AndroidManifest.xml:10:17-133
56                android:value="com.google.firebase.components.ComponentRegistrar" />
56-->[:cloud_firestore] AndroidManifest.xml:11:17-82
57            <meta-data
57-->[:firebase_database] AndroidManifest.xml:9:13-11:85
58                android:name="com.google.firebase.components:io.flutter.plugins.firebase.database.FlutterFirebaseAppRegistrar"
58-->[:firebase_database] AndroidManifest.xml:10:17-127
59                android:value="com.google.firebase.components.ComponentRegistrar" />
59-->[:firebase_database] AndroidManifest.xml:11:17-82
60            <meta-data
60-->[:firebase_core] AndroidManifest.xml:9:13-11:85
61                android:name="com.google.firebase.components:io.flutter.plugins.firebase.core.FlutterFirebaseAppRegistrar"
61-->[:firebase_core] AndroidManifest.xml:10:17-123
62                android:value="com.google.firebase.components.ComponentRegistrar" />
62-->[:firebase_core] AndroidManifest.xml:11:17-82
63            <meta-data
63-->[com.google.firebase:firebase-firestore:21.3.0] AndroidManifest.xml:20:13-22:85
64                android:name="com.google.firebase.components:com.google.firebase.firestore.FirestoreRegistrar"
64-->[com.google.firebase:firebase-firestore:21.3.0] AndroidManifest.xml:21:17-111
65                android:value="com.google.firebase.components.ComponentRegistrar" />
65-->[com.google.firebase:firebase-firestore:21.3.0] AndroidManifest.xml:22:17-82
66            <meta-data
66-->[com.google.firebase:firebase-database:17.0.0] AndroidManifest.xml:30:13-32:85
67                android:name="com.google.firebase.components:com.google.firebase.database.DatabaseRegistrar"
67-->[com.google.firebase:firebase-database:17.0.0] AndroidManifest.xml:31:17-109
68                android:value="com.google.firebase.components.ComponentRegistrar" />
68-->[com.google.firebase:firebase-database:17.0.0] AndroidManifest.xml:32:17-82
69            <meta-data
69-->[com.google.firebase:firebase-auth:19.2.0] AndroidManifest.xml:36:13-38:85
70                android:name="com.google.firebase.components:com.google.firebase.auth.FirebaseAuthRegistrar"
70-->[com.google.firebase:firebase-auth:19.2.0] AndroidManifest.xml:37:17-109
71                android:value="com.google.firebase.components.ComponentRegistrar" />
71-->[com.google.firebase:firebase-auth:19.2.0] AndroidManifest.xml:38:17-82
72        </service>
73
74        <activity
74-->[com.google.android.gms:play-services-auth:16.0.1] AndroidManifest.xml:23:9-27:75
75            android:name="com.google.android.gms.auth.api.signin.internal.SignInHubActivity"
75-->[com.google.android.gms:play-services-auth:16.0.1] AndroidManifest.xml:24:13-93
76            android:excludeFromRecents="true"
76-->[com.google.android.gms:play-services-auth:16.0.1] AndroidManifest.xml:25:13-46
77            android:exported="false"
77-->[com.google.android.gms:play-services-auth:16.0.1] AndroidManifest.xml:26:13-37
78            android:theme="@android:style/Theme.Translucent.NoTitleBar" />
78-->[com.google.android.gms:play-services-auth:16.0.1] AndroidManifest.xml:27:13-72
79        <!--
80            Service handling Google Sign-In user revocation. For apps that do not integrate with
81            Google Sign-In, this service will never be started.
82        -->
83        <service
83-->[com.google.android.gms:play-services-auth:16.0.1] AndroidManifest.xml:33:9-36:110
84            android:name="com.google.android.gms.auth.api.signin.RevocationBoundService"
84-->[com.google.android.gms:play-services-auth:16.0.1] AndroidManifest.xml:34:13-89
85            android:exported="true"
85-->[com.google.android.gms:play-services-auth:16.0.1] AndroidManifest.xml:35:13-36
86            android:permission="com.google.android.gms.auth.api.signin.permission.REVOCATION_NOTIFICATION" />
86-->[com.google.android.gms:play-services-auth:16.0.1] AndroidManifest.xml:36:13-107
87
88        <activity
88-->[com.google.firebase:firebase-auth:19.2.0] AndroidManifest.xml:24:9-31:50
89            android:name="com.google.firebase.auth.internal.FederatedSignInActivity"
89-->[com.google.firebase:firebase-auth:19.2.0] AndroidManifest.xml:25:13-85
90            android:excludeFromRecents="true"
90-->[com.google.firebase:firebase-auth:19.2.0] AndroidManifest.xml:26:13-46
91            android:exported="true"
91-->[com.google.firebase:firebase-auth:19.2.0] AndroidManifest.xml:27:13-36
92            android:launchMode="singleTask"
92-->[com.google.firebase:firebase-auth:19.2.0] AndroidManifest.xml:28:13-44
93            android:permission="com.google.firebase.auth.api.gms.permission.LAUNCH_FEDERATED_SIGN_IN"
93-->[com.google.firebase:firebase-auth:19.2.0] AndroidManifest.xml:29:13-102
94            android:theme="@android:style/Theme.Translucent.NoTitleBar" />
94-->[com.google.firebase:firebase-auth:19.2.0] AndroidManifest.xml:30:13-72
95
96        <provider
96-->[com.google.firebase:firebase-common:19.3.0] AndroidManifest.xml:26:9-30:39
97            android:name="com.google.firebase.provider.FirebaseInitProvider"
97-->[com.google.firebase:firebase-common:19.3.0] AndroidManifest.xml:27:13-77
98            android:authorities="com.doctor.guru.firebaseinitprovider"
98-->[com.google.firebase:firebase-common:19.3.0] AndroidManifest.xml:28:13-72
99            android:exported="false"
99-->[com.google.firebase:firebase-common:19.3.0] AndroidManifest.xml:29:13-37
100            android:initOrder="100" />
100-->[com.google.firebase:firebase-common:19.3.0] AndroidManifest.xml:30:13-36
101
102        <activity
102-->[com.google.android.gms:play-services-base:17.1.0] AndroidManifest.xml:23:9-26:75
103            android:name="com.google.android.gms.common.api.GoogleApiActivity"
103-->[com.google.android.gms:play-services-base:17.1.0] AndroidManifest.xml:24:13-79
104            android:exported="false"
104-->[com.google.android.gms:play-services-base:17.1.0] AndroidManifest.xml:25:13-37
105            android:theme="@android:style/Theme.Translucent.NoTitleBar" />
105-->[com.google.android.gms:play-services-base:17.1.0] AndroidManifest.xml:26:13-72
106
107        <meta-data
107-->[com.google.android.gms:play-services-basement:17.0.0] AndroidManifest.xml:23:9-25:69
108            android:name="com.google.android.gms.version"
108-->[com.google.android.gms:play-services-basement:17.0.0] AndroidManifest.xml:24:13-58
109            android:value="@integer/google_play_services_version" />
109-->[com.google.android.gms:play-services-basement:17.0.0] AndroidManifest.xml:25:13-66
110    </application>
111
112</manifest>